This is pdfTeX, Version 3.14159265-2.6-1.40.19 (MiKTeX 2.9.6630 64-bit) (preloaded format=pdflatex 2018.4.15)  2 MAY 2020 16:12
entering extended mode
**./liu-main15.tex
(liu-main15.tex
LaTeX2e <2017-04-15>
Babel <3.18> and hyphenation patterns for 75 language(s) loaded.
("C:\Program Files\MiKTeX 2.9\tex\latex\revtex\revtex4-1.cls"
Document Class: revtex4-1 2010/07/25/20:33:00 4.1r (http://publish.aps.org/revt
ex4/ for documentation)
 Copyright (c) 2009 The American Physical Society.
 mailto:revtex@aps.org
 Licensed under the LPPL:
http://www.ctan.org/tex-archive/macros/latex/base/lppl.txt
 Arthur Ogawa <arthur_ogawa at sbcglobal dot net>
 Based on work by David Carlisle <david at dcarlisle.demon.co.uk>.
ltxutil[2010/07/25/20:33:00 4.1r utilities package (portions licensed from W. E
. Baxter web at superscript.com)]
LaTeX Info: Redefining \@centercr on input line 308.
Class revtex4-1 Info: Repairing broken LaTeX eqnarray on input line 358.
\eqncolsep=\skip41
Class revtex4-1 Info: Repairing hyperref-unfriendly LaTeX definition of \mpfoot
note on input line 433.
Class revtex4-1 Info: Repairing broken LateX \@sect on input line 755.
\intertabularlinepenalty=\count79
\@tbpen=\count80
\@arstrutbox@hline=\box26
Class revtex4-1 Info: Repairing broken LaTeX \@xbitor on input line 1786.
Class revtex4-1 Info: Making \typeout \long on input line 2046.
ltxfront[2010/07/25/20:33:00 4.1r frontmatter package (AO,DPC)]
\c@affil=\count81
\c@collab=\count82
\absbox=\box27
ltxgrid[2010/07/25/20:33:00 4.1r page grid package (portions licensed from W. E
. Baxter web at superscript.com)]
\c@linecount=\count83
\output@latex=\toks14
\box@size@1=\box28
\box@size@2=\box29
\@protection@box=\box30
\@topmark@saved=\toks15
\footins@saved=\box31
\footins@recovered=\box32
\column@recovered=\box33
\pagesofar=\box34
\footsofar=\box35
\pagegrid@col=\count84
Class revtex4-1 Info: Overriding \@vspace, \@vspacer, \@no@pgbk, \@newline, and
 \\  on input line 5578.
\c@part=\count85
\c@section=\count86
\c@subsection=\count87
\c@subsubsection=\count88
\c@paragraph=\count89
\c@subparagraph=\count90
\abovecaptionskip=\skip42
\belowcaptionskip=\skip43
\c@figure=\count91
\fbox@1=\box36
\c@table=\count92
\fbox@2=\box37
\c@video=\count93
\fbox@4=\box38
\@bibdataout=\write3
\widetext@top=\box39
\widetext@bot=\box40
Class revtex4-1 Info: Selecting society aps on input line 7542.
("C:\Program Files\MiKTeX 2.9\tex\latex\revtex\aps4-1.rtx"
File: aps4-1 2010/07/25/20:33:00 4.1r (http://publish.aps.org/revtex4/ for docu
mentation)
Class revtex4-1 Info: RevTeX society APS selected on input line 31.
)

Class revtex4-1 Warning: No journal specified, using default pra.

Class revtex4-1 Info: APS journal PRA selected on input line 7545.
("C:\Program Files\MiKTeX 2.9\tex\latex\revtex\aps10pt4-1.rtx"
File: aps10pt4-1 2010/07/25/20:33:00 4.1r (http://publish.aps.org/revtex4/ for 
documentation)
Class revtex4-1 Info: RevTeX pointsize 10pt selected on input line 30.
)
("C:\Program Files\MiKTeX 2.9\tex\latex\textcase\textcase.sty"
Package: textcase 2004/10/07 v0.07 Text only upper/lower case changing (DPC)
)
("C:\Program Files\MiKTeX 2.9\tex\latex\amsfonts\amssymb.sty"
Package: amssymb 2013/01/14 v3.01 AMS font symbols

("C:\Program Files\MiKTeX 2.9\tex\latex\amsfonts\amsfonts.sty"
Package: amsfonts 2013/01/14 v3.01 Basic AMSFonts support
\@emptytoks=\toks16
\symAMSa=\mathgroup4
\symAMSb=\mathgroup5
LaTeX Font Info:    Overwriting math alphabet `\mathfrak' in version `bold'
(Font)                  U/euf/m/n --> U/euf/b/n on input line 106.
))
("C:\Program Files\MiKTeX 2.9\tex\latex\amsmath\amsmath.sty"
Package: amsmath 2017/09/02 v2.17a AMS math features
\@mathmargin=\skip44

For additional information on amsmath, use the `?' option.
("C:\Program Files\MiKTeX 2.9\tex\latex\amsmath\amstext.sty"
Package: amstext 2000/06/29 v2.01 AMS text

("C:\Program Files\MiKTeX 2.9\tex\latex\amsmath\amsgen.sty"
File: amsgen.sty 1999/11/30 v2.0 generic functions
\@emptytoks=\toks17
\ex@=\dimen102
)
LaTeX Info: Redefining \text on input line 28.
)
("C:\Program Files\MiKTeX 2.9\tex\latex\amsmath\amsbsy.sty"
Package: amsbsy 1999/11/29 v1.2d Bold Symbols
\pmbraise@=\dimen103
)
("C:\Program Files\MiKTeX 2.9\tex\latex\amsmath\amsopn.sty"
Package: amsopn 2016/03/08 v2.02 operator names
)
\inf@bad=\count94
LaTeX Info: Redefining \frac on input line 213.
\uproot@=\count95
\leftroot@=\count96
LaTeX Info: Redefining \overline on input line 375.
\classnum@=\count97
\DOTSCASE@=\count98
LaTeX Info: Redefining \ldots on input line 472.
LaTeX Info: Redefining \dots on input line 475.
LaTeX Info: Redefining \cdots on input line 596.
\Mathstrutbox@=\box41
\strutbox@=\box42
\big@size=\dimen104
LaTeX Font Info:    Redeclaring font encoding OML on input line 712.
LaTeX Font Info:    Redeclaring font encoding OMS on input line 713.
\macc@depth=\count99
\c@MaxMatrixCols=\count100
\dotsspace@=\muskip10
\c@parentequation=\count101
\dspbrk@lvl=\count102
\tag@help=\toks18
\row@=\count103
\column@=\count104
\maxfields@=\count105
\andhelp@=\toks19
\eqnshift@=\dimen105
\alignsep@=\dimen106
\tagshift@=\dimen107
\tagwidth@=\dimen108
\totwidth@=\dimen109
\lineht@=\dimen110
\@envbody=\toks20
\multlinegap=\skip45
\multlinetaggap=\skip46
\mathdisplay@stack=\toks21
LaTeX Info: Redefining \[ on input line 2817.
LaTeX Info: Redefining \] on input line 2818.
)
("C:\Program Files\MiKTeX 2.9\tex\latex\url\url.sty"
\Urlmuskip=\muskip11
Package: url 2013/09/16  ver 3.4  Verb mode for urls, etc.
)
("C:\Program Files\MiKTeX 2.9\tex\latex\natbib\natbib.sty"
Package: natbib 2010/09/13 8.31b (PWD, AO)
\bibhang=\skip47
\bibsep=\skip48
LaTeX Info: Redefining \cite on input line 694.
\c@NAT@ctr=\count106
)
Class revtex4-1 Info: Repairing natbib's \BibitemShut on input line 7549.

("C:\Program Files\MiKTeX 2.9\tex\latex\revtex\revsymb4-1.sty"
Package: revsymb4-1 2010/07/25/20:33:00 4.1r (http://publish.aps.org/revtex4/ f
or documentation)
LaTeX Info: Redefining \frak on input line 95.
LaTeX Info: Redefining \Bbb on input line 111.
LaTeX Info: Redefining \REV@mathfrak on input line 119.
))
("C:\Program Files\MiKTeX 2.9\tex\latex\graphics\graphicx.sty"
Package: graphicx 2017/06/01 v1.1a Enhanced LaTeX Graphics (DPC,SPQR)

("C:\Program Files\MiKTeX 2.9\tex\latex\graphics\keyval.sty"
Package: keyval 2014/10/28 v1.15 key=value parser (DPC)
\KV@toks@=\toks22
)
("C:\Program Files\MiKTeX 2.9\tex\latex\graphics\graphics.sty"
Package: graphics 2017/06/25 v1.2c Standard LaTeX Graphics (DPC,SPQR)

("C:\Program Files\MiKTeX 2.9\tex\latex\graphics\trig.sty"
Package: trig 2016/01/03 v1.10 sin cos tan (DPC)
)
("C:\Program Files\MiKTeX 2.9\tex\latex\graphics-cfg\graphics.cfg"
File: graphics.cfg 2016/06/04 v1.11 sample graphics configuration
)
Package graphics Info: Driver file: pdftex.def on input line 99.

("C:\Program Files\MiKTeX 2.9\tex\latex\graphics-def\pdftex.def"
File: pdftex.def 2018/01/08 v1.0l Graphics/color driver for pdftex
))
\Gin@req@height=\dimen111
\Gin@req@width=\dimen112
)
("C:\Program Files\MiKTeX 2.9\tex\latex\tools\dcolumn.sty"
Package: dcolumn 2014/10/28 v1.06 decimal alignment package (DPC)

("C:\Program Files\MiKTeX 2.9\tex\latex\tools\array.sty"
Package: array 2016/10/06 v2.4d Tabular extension package (FMi)
\col@sep=\dimen113
\extrarowheight=\dimen114
\NC@list=\toks23
\extratabsurround=\skip49
\backup@length=\skip50
))
("C:\Program Files\MiKTeX 2.9\tex\latex\tools\bm.sty"
Package: bm 2017/01/16 v1.2c Bold Symbol Support (DPC/FMi)
\symboldoperators=\mathgroup6
\symboldletters=\mathgroup7
\symboldsymbols=\mathgroup8
LaTeX Font Info:    Redeclaring math alphabet \mathbf on input line 141.
LaTeX Info: Redefining \bm on input line 207.
)
("C:\Program Files\MiKTeX 2.9\tex\latex\xcolor\xcolor.sty"
Package: xcolor 2016/05/11 v2.12 LaTeX color extensions (UK)

("C:\Program Files\MiKTeX 2.9\tex\latex\graphics-cfg\color.cfg"
File: color.cfg 2016/01/02 v1.6 sample color configuration
)
Package xcolor Info: Driver file: pdftex.def on input line 225.
Package xcolor Info: Model `cmy' substituted by `cmy0' on input line 1348.
Package xcolor Info: Model `hsb' substituted by `rgb' on input line 1352.
Package xcolor Info: Model `RGB' extended on input line 1364.
Package xcolor Info: Model `HTML' substituted by `rgb' on input line 1366.
Package xcolor Info: Model `Hsb' substituted by `hsb' on input line 1367.
Package xcolor Info: Model `tHsb' substituted by `hsb' on input line 1368.
Package xcolor Info: Model `HSB' substituted by `hsb' on input line 1369.
Package xcolor Info: Model `Gray' substituted by `gray' on input line 1370.
Package xcolor Info: Model `wave' substituted by `hsb' on input line 1371.
)
Class revtex4-1 Info: Unrecognized array package. Please update this document c
lass! (Proceeding with fingers crossed.) on input line 77.
Class revtex4-1 Info: Robustifying \LaTeX's \boldmath command on input line 77.

Class revtex4-1 Info: cite was not loaded (OK!) on input line 77.
Class revtex4-1 Info: mcite was not loaded (OK!) on input line 77.
Class revtex4-1 Info: multicol was not loaded (OK!) on input line 77.

No file liu-main15.aux.
\openout1 = `liu-main15.aux'.

LaTeX Font Info:    Checking defaults for OML/cmm/m/it on input line 77.
LaTeX Font Info:    ... okay on input line 77.
LaTeX Font Info:    Checking defaults for T1/cmr/m/n on input line 77.
LaTeX Font Info:    ... okay on input line 77.
LaTeX Font Info:    Checking defaults for OT1/cmr/m/n on input line 77.
LaTeX Font Info:    ... okay on input line 77.
LaTeX Font Info:    Checking defaults for OMS/cmsy/m/n on input line 77.
LaTeX Font Info:    ... okay on input line 77.
LaTeX Font Info:    Checking defaults for OMX/cmex/m/n on input line 77.
LaTeX Font Info:    ... okay on input line 77.
LaTeX Font Info:    Checking defaults for U/cmr/m/n on input line 77.
LaTeX Font Info:    ... okay on input line 77.
(C:\Users\Andy\AppData\Roaming\MiKTeX\2.9\tex\context\base\supp-pdf.mkii
[Loading MPS to PDF converter (version 2006.09.02).]
\scratchcounter=\count107
\scratchdimen=\dimen115
\scratchbox=\box43
\nofMPsegments=\count108
\nofMParguments=\count109
\everyMPshowfont=\toks24
\MPscratchCnt=\count110
\MPscratchDim=\dimen116
\MPnumerator=\count111
\makeMPintoPDFobject=\count112
\everyMPtoPDFconversion=\toks25
) ("C:\Program Files\MiKTeX 2.9\tex\latex\oberdiek\epstopdf-base.sty"
Package: epstopdf-base 2016/05/15 v2.6 Base part for package epstopdf

("C:\Program Files\MiKTeX 2.9\tex\generic\oberdiek\infwarerr.sty"
Package: infwarerr 2016/05/16 v1.4 Providing info/warning/error messages (HO)
)
("C:\Program Files\MiKTeX 2.9\tex\latex\oberdiek\grfext.sty"
Package: grfext 2016/05/16 v1.2 Manage graphics extensions (HO)

("C:\Program Files\MiKTeX 2.9\tex\generic\oberdiek\kvdefinekeys.sty"
Package: kvdefinekeys 2016/05/16 v1.4 Define keys (HO)

("C:\Program Files\MiKTeX 2.9\tex\generic\oberdiek\ltxcmds.sty"
Package: ltxcmds 2016/05/16 v1.23 LaTeX kernel commands for general use (HO)
)))
("C:\Program Files\MiKTeX 2.9\tex\latex\oberdiek\kvoptions.sty"
Package: kvoptions 2016/05/16 v3.12 Key value format for package options (HO)

("C:\Program Files\MiKTeX 2.9\tex\generic\oberdiek\kvsetkeys.sty"
Package: kvsetkeys 2016/05/16 v1.17 Key value parser (HO)

("C:\Program Files\MiKTeX 2.9\tex\generic\oberdiek\etexcmds.sty"
Package: etexcmds 2016/05/16 v1.6 Avoid name clashes with e-TeX commands (HO)

("C:\Program Files\MiKTeX 2.9\tex\generic\oberdiek\ifluatex.sty"
Package: ifluatex 2016/05/16 v1.4 Provides the ifluatex switch (HO)
Package ifluatex Info: LuaTeX not detected.
)
Package etexcmds Info: Could not find \expanded.
(etexcmds)             That can mean that you are not using pdfTeX 1.50 or
(etexcmds)             that some package has redefined \expanded.
(etexcmds)             In the latter case, load this package earlier.
)))
("C:\Program Files\MiKTeX 2.9\tex\generic\oberdiek\pdftexcmds.sty"
Package: pdftexcmds 2018/01/21 v0.26 Utility functions of pdfTeX for LuaTeX (HO
)

("C:\Program Files\MiKTeX 2.9\tex\generic\oberdiek\ifpdf.sty"
Package: ifpdf 2017/03/15 v3.2 Provides the ifpdf switch
)
Package pdftexcmds Info: LuaTeX not detected.
Package pdftexcmds Info: \pdf@primitive is available.
Package pdftexcmds Info: \pdf@ifprimitive is available.
Package pdftexcmds Info: \pdfdraftmode found.
)
Package epstopdf-base Info: Redefining graphics rule for `.eps' on input line 4
38.
Package grfext Info: Graphics extension search list:
(grfext)             [.pdf,.png,.jpg,.mps,.jpeg,.jbig2,.jb2,.PDF,.PNG,.JPG,.JPE
G,.JBIG2,.JB2,.eps]
(grfext)             \AppendGraphicsExtensions on input line 456.
)
\openout3 = `liu-main15Notes.bib'.



Package natbib Warning: Citation `barthelemy' on page 1 undefined on input line
 131.


Package natbib Warning: Citation `newman2018' on page 1 undefined on input line
 131.


Package natbib Warning: Citation `geometry-review' on page 1 undefined on input
 line 131.


Package natbib Warning: Citation `social' on page 1 undefined on input line 131
.


Package natbib Warning: Citation `foodwebs' on page 1 undefined on input line 1
31.


Package natbib Warning: Citation `geometry-review' on page 1 undefined on input
 line 133.


Package natbib Warning: Citation `spatial1' on page 1 undefined on input line 1
33.


Package natbib Warning: Citation `air-traffic' on page 1 undefined on input lin
e 133.


Package natbib Warning: Citation `routelengthstatistic' on page 1 undefined on 
input line 133.


Package natbib Warning: Citation `papa2018' on page 1 undefined on input line 1
33.


Package natbib Warning: Citation `socialdistance' on page 1 undefined on input 
line 133.


Package natbib Warning: Citation `foodwebs' on page 1 undefined on input line 1
33.


Package natbib Warning: Citation `barthelemy' on page 1 undefined on input line
 135.


Package natbib Warning: Citation `barthelemy' on page 1 undefined on input line
 135.


Package natbib Warning: Citation `geometry-review' on page 1 undefined on input
 line 135.


Package natbib Warning: Citation `boguna2019' on page 1 undefined on input line
 135.


Package natbib Warning: Citation `spatial1' on page 1 undefined on input line 1
39.


Package natbib Warning: Citation `air-traffic' on page 1 undefined on input lin
e 139.


Package natbib Warning: Citation `sarkar2019' on page 1 undefined on input line
 139.


Package natbib Warning: Citation `braingrowth1' on page 1 undefined on input li
ne 139.


Package natbib Warning: Citation `braingrowth2' on page 1 undefined on input li
ne 139.


Package natbib Warning: Citation `fungal_data' on page 1 undefined on input lin
e 139.


Package natbib Warning: Citation `road_data' on page 1 undefined on input line 
139.


Package natbib Warning: Citation `spatial1' on page 1 undefined on input line 1
39.


Package natbib Warning: Citation `barbosa' on page 1 undefined on input line 13
9.


Package natbib Warning: Citation `boeing2018multi' on page 1 undefined on input
 line 139.


Package natbib Warning: Citation `air-traffic' on page 1 undefined on input lin
e 139.


Package natbib Warning: Citation `spatialefficiency' on page 1 undefined on inp
ut line 139.


Package natbib Warning: Citation `berthier2019' on page 1 undefined on input li
ne 139.


Package natbib Warning: Citation `nauer2019' on page 1 undefined on input line 
139.


Package natbib Warning: Citation `danchev2018' on page 1 undefined on input lin
e 139.


Package natbib Warning: Citation `sarkar2019' on page 1 undefined on input line
 139.


Package natbib Warning: Citation `barthelemy' on page 1 undefined on input line
 139.


Package natbib Warning: Citation `penrose-rgg' on page 1 undefined on input lin
e 141.


Package natbib Warning: Citation `geographical_threshold' on page 1 undefined o
n input line 141.


Package natbib Warning: Citation `mean_field_evolving_spatial' on page 1 undefi
ned on input line 141.


Package natbib Warning: Citation `SPA1' on page 1 undefined on input line 141.


Package natbib Warning: Citation `spatial1' on page 1 undefined on input line 1
41.


Package natbib Warning: Citation `community1' on page 1 undefined on input line
 141.


Package natbib Warning: Citation `community2' on page 1 undefined on input line
 141.


Package natbib Warning: Citation `geometric_preferential_attachment' on page 1 
undefined on input line 141.


Package natbib Warning: Citation `geographical_threshold2' on page 1 undefined 
on input line 141.


Package natbib Warning: Citation `mean_field_evolving_spatial' on page 1 undefi
ned on input line 141.


Package natbib Warning: Citation `leaf_optimization' on page 1 undefined on inp
ut line 141.


Package natbib Warning: Citation `community2' on page 1 undefined on input line
 143.

LaTeX Font Info:    Try loading font information for U+msa on input line 143.
("C:\Program Files\MiKTeX 2.9\tex\latex\amsfonts\umsa.fd"
File: umsa.fd 2013/01/14 v3.01 AMS symbols A
)
LaTeX Font Info:    Try loading font information for U+msb on input line 143.

("C:\Program Files\MiKTeX 2.9\tex\latex\amsfonts\umsb.fd"
File: umsb.fd 2013/01/14 v3.01 AMS symbols B
)

Package natbib Warning: Citation `yusuke' on page 1 undefined on input line 143
.


Package natbib Warning: Citation `geographical_threshold' on page 1 undefined o
n input line 143.


Package natbib Warning: Citation `geographical_threshold2' on page 1 undefined 
on input line 143.


Package natbib Warning: Citation `SPA1' on page 1 undefined on input line 143.


Package natbib Warning: Citation `SPA2' on page 1 undefined on input line 143.


Package natbib Warning: Citation `SPA3' on page 1 undefined on input line 143.


Package natbib Warning: Citation `fosdick' on page 1 undefined on input line 14
3.

[1{C:/Users/Andy/AppData/Local/MiKTeX/2.9/pdftex/config/pdftex.map}]

LaTeX Warning: Reference `sec:fitness_model' on page 2 undefined on input line 
145.


LaTeX Warning: Reference `sec:ba-model' on page 2 undefined on input line 145.


LaTeX Warning: Reference `sec:configuration_model' on page 2 undefined on input
 line 145.


LaTeX Warning: Reference `sec:spatial_strength' on page 2 undefined on input li
ne 145.


LaTeX Warning: Reference `sec:discussion' on page 2 undefined on input line 145
.


Package natbib Warning: Citation `yusuke' on page 2 undefined on input line 157
.


Package natbib Warning: Citation `geographical_threshold' on page 2 undefined o
n input line 157.


Package natbib Warning: Citation `porter2016dynamical' on page 2 undefined on i
nput line 157.


Package natbib Warning: Citation `newman2018' on page 2 undefined on input line
 157.


Package natbib Warning: Citation `caldarelli' on page 2 undefined on input line
 157.


Package natbib Warning: Citation `geographical_threshold' on page 2 undefined o
n input line 157.


LaTeX Warning: Reference `chosen' on page 2 undefined on input line 167.


Package natbib Warning: Citation `caldarelli' on page 2 undefined on input line
 167.


Package natbib Warning: Citation `threshold' on page 2 undefined on input line 
167.


Package natbib Warning: Citation `geographical_threshold' on page 2 undefined o
n input line 169.


Package natbib Warning: Citation `boguna' on page 2 undefined on input line 169
.


Package natbib Warning: Citation `caldarelli' on page 2 undefined on input line
 169.


Package natbib Warning: Citation `barbosa' on page 2 undefined on input line 17
3.


Package natbib Warning: Citation `barthelemy' on page 2 undefined on input line
 173.


Package natbib Warning: Citation `geographical_threshold' on page 2 undefined o
n input line 173.


Package natbib Warning: Citation `geographical_threshold' on page 2 undefined o
n input line 177.


Package natbib Warning: Citation `geographical_threshold' on page 2 undefined o
n input line 185.


Package natbib Warning: Citation `geographical_threshold2' on page 2 undefined 
on input line 185.


Package natbib Warning: Citation `caldarelli' on page 2 undefined on input line
 185.


Package natbib Warning: Citation `boguna' on page 2 undefined on input line 185
.


Package natbib Warning: Citation `frank' on page 2 undefined on input line 189.


[2]

LaTeX Warning: Reference `distance_equation' on page 3 undefined on input line 
207.

<geographical_degree_distribution3.pdf, id=20, 1115.81332pt x 1026.73155pt>
File: geographical_degree_distribution3.pdf Graphic file (type pdf)
<use geographical_degree_distribution3.pdf>
Package pdftex.def Info: geographical_degree_distribution3.pdf  used on input l
ine 212.
(pdftex.def)             Requested size: 356.99844pt x 328.49814pt.

Package natbib Warning: Citation `newman2018' on page 3 undefined on input line
 220.


Package natbib Warning: Citation `newman2018' on page 3 undefined on input line
 226.

<geographical_network_metrics4.pdf, id=21, 1116.90787pt x 1086.49652pt>
File: geographical_network_metrics4.pdf Graphic file (type pdf)
<use geographical_network_metrics4.pdf>
Package pdftex.def Info: geographical_network_metrics4.pdf  used on input line 
247.
(pdftex.def)             Requested size: 246.0pt x 239.29523pt.
[3]

Package natbib Warning: Citation `penrose-rgg' on page 4 undefined on input lin
e 256.


Package natbib Warning: Citation `rgg' on page 4 undefined on input line 256.


Package natbib Warning: Citation `rgg_correlations' on page 4 undefined on inpu
t line 260.


LaTeX Warning: Reference `fig:gf_metrics' on page 4 undefined on input line 260
.


Package natbib Warning: Citation `newman2018' on page 4 undefined on input line
 267.

[4 <./geographical_degree_distribution3.pdf>]

LaTeX Warning: A float is stuck (cannot be placed); try class option [floatfix]
 on input line 270.

<geographic_beta_0_examples2_largerfont.pdf, id=45, 1125.24394pt x 1144.97647pt
>
File: geographic_beta_0_examples2_largerfont.pdf Graphic file (type pdf)
<use geographic_beta_0_examples2_largerfont.pdf>
Package pdftex.def Info: geographic_beta_0_examples2_largerfont.pdf  used on in
put line 276.
(pdftex.def)             Requested size: 196.80075pt x 200.25159pt.
<geographic_beta_05_examples_largerfont.pdf, id=46, 1125.24394pt x 1133.41325pt
>
File: geographic_beta_05_examples_largerfont.pdf Graphic file (type pdf)
<use geographic_beta_05_examples_largerfont.pdf>
Package pdftex.def Info: geographic_beta_05_examples_largerfont.pdf  used on in
put line 296.
(pdftex.def)             Requested size: 196.80075pt x 198.22923pt.
<geographic_beta_10_examples_largerfont.pdf, id=47, 1125.24394pt x 555.25325pt>

File: geographic_beta_10_examples_largerfont.pdf Graphic file (type pdf)
<use geographic_beta_10_examples_largerfont.pdf>
Package pdftex.def Info: geographic_beta_10_examples_largerfont.pdf  used on in
put line 305.
(pdftex.def)             Requested size: 196.80075pt x 97.11147pt.

LaTeX Warning: Reference `fig:closeness_example' on page 5 undefined on input l
ine 312.


LaTeX Warning: Reference `fig:closeness_example' on page 5 undefined on input l
ine 314.


LaTeX Warning: Reference `fig:closeness_example_2' on page 5 undefined on input
 line 318.


LaTeX Warning: Reference `fig:closeness_example_2' on page 5 undefined on input
 line 318.


Package natbib Warning: Citation `BA' on page 5 undefined on input line 331.


Package natbib Warning: Citation `SPA1' on page 5 undefined on input line 331.


Package natbib Warning: Citation `SPA2' on page 5 undefined on input line 331.


Package natbib Warning: Citation `SPA3' on page 5 undefined on input line 331.


Package natbib Warning: Citation `SPA4' on page 5 undefined on input line 331.

[5 <./geographical_network_metrics4.pdf> <./geographic_beta_0_examples2_largerf
ont.pdf

pdfTeX warning: pdflatex (file ./geographic_beta_0_examples2_largerfont.pdf): P
DF inclusion: multiple pdfs with page group included in a single page
>]

LaTeX Warning: A float is stuck (cannot be placed); try class option [floatfix]
 on input line 334.


LaTeX Warning: Reference `distance_equation' on page 6 undefined on input line 
337.


Package natbib Warning: Citation `SPA1' on page 6 undefined on input line 337.


Package natbib Warning: Citation `SPA2' on page 6 undefined on input line 340.


Package natbib Warning: Citation `SPA3' on page 6 undefined on input line 340.


Package natbib Warning: Citation `SPA2' on page 6 undefined on input line 340.


Package natbib Warning: Citation `SPA3' on page 6 undefined on input line 340.


Package natbib Warning: Citation `aiello' on page 6 undefined on input line 342
.


Package natbib Warning: Citation `emmanuel' on page 6 undefined on input line 3
42.


Package natbib Warning: Citation `emmanuel' on page 6 undefined on input line 3
42.


Package natbib Warning: Citation `SPA1' on page 6 undefined on input line 349.


Package natbib Warning: Citation `SPA2' on page 6 undefined on input line 349.


Package natbib Warning: Citation `SPA3' on page 6 undefined on input line 349.


LaTeX Warning: Reference `spatialpreferential_prior' on page 6 undefined on inp
ut line 349.

[6 <./geographic_beta_05_examples_largerfont.pdf> <./geographic_beta_10_example
s_largerfont.pdf

pdfTeX warning: pdflatex (file ./geographic_beta_10_examples_largerfont.pdf): P
DF inclusion: multiple pdfs with page group included in a single page
>]

LaTeX Warning: Reference `spatialpreferential_normalized' on page 7 undefined o
n input line 362.

<preferential_attachment_degree_distribution.pdf, id=113, 1080.8356pt x 287.060
03pt>
File: preferential_attachment_degree_distribution.pdf Graphic file (type pdf)
<use preferential_attachment_degree_distribution.pdf>
Package pdftex.def Info: preferential_attachment_degree_distribution.pdf  used 
on input line 377.
(pdftex.def)             Requested size: 246.0pt x 65.33472pt.
<preferential_attachment_metrics.pdf, id=114, 1097.90793pt x 1084.3366pt>
File: preferential_attachment_metrics.pdf Graphic file (type pdf)
<use preferential_attachment_metrics.pdf>
Package pdftex.def Info: preferential_attachment_metrics.pdf  used on input lin
e 386.
(pdftex.def)             Requested size: 246.0pt x 242.95592pt.
<PA_log_geodesic.pdf, id=115, 670.78546pt x 627.98402pt>
File: PA_log_geodesic.pdf Graphic file (type pdf)
<use PA_log_geodesic.pdf>
Package pdftex.def Info: PA_log_geodesic.pdf  used on input line 394.
(pdftex.def)             Requested size: 184.5pt x 172.7201pt.
<PA_log_clustering.pdf, id=116, 684.54402pt x 631.12766pt>
File: PA_log_clustering.pdf Graphic file (type pdf)
<use PA_log_clustering.pdf>
Package pdftex.def Info: PA_log_clustering.pdf  used on input line 406.
(pdftex.def)             Requested size: 184.5pt x 170.09857pt.

LaTeX Warning: Reference `sec:fitness_model' on page 7 undefined on input line 
415.


LaTeX Warning: Reference `fig:PA_geodesic' on page 7 undefined on input line 41
7.


LaTeX Warning: Reference `fig:PA_clustering' on page 7 undefined on input line 
417.


LaTeX Warning: Reference `fig:PA_geodesic' on page 7 undefined on input line 41
7.


Package natbib Warning: Citation `SPA1' on page 7 undefined on input line 417.


LaTeX Warning: Reference `fig:PA_clustering' on page 7 undefined on input line 
419.


Package natbib Warning: Citation `fosdick' on page 7 undefined on input line 42
7.


Package natbib Warning: Citation `newman2018' on page 7 undefined on input line
 427.


Package natbib Warning: Citation `community1' on page 7 undefined on input line
 427.


Package natbib Warning: Citation `community2' on page 7 undefined on input line
 427.


Package natbib Warning: Citation `fosdick' on page 7 undefined on input line 43
3.

[7 <./preferential_attachment_degree_distribution.pdf> <./preferential_attachme
nt_metrics.pdf

pdfTeX warning: pdflatex (file ./preferential_attachment_metrics.pdf): PDF incl
usion: multiple pdfs with page group included in a single page
>]

LaTeX Warning: A float is stuck (cannot be placed); try class option [floatfix]
 on input line 434.


Package natbib Warning: Citation `fosdick' on page 8 undefined on input line 45
1.


Package natbib Warning: Citation `forcechains' on page 8 undefined on input lin
e 453.


Package natbib Warning: Citation `community1' on page 8 undefined on input line
 453.


Package natbib Warning: Citation `community2' on page 8 undefined on input line
 453.


Package natbib Warning: Citation `fosdick' on page 8 undefined on input line 45
3.

[8 <./PA_log_geodesic.pdf> <./PA_log_clustering.pdf

pdfTeX warning: pdflatex (file ./PA_log_clustering.pdf): PDF inclusion: multipl
e pdfs with page group included in a single page
>]
<spatial_configuration_degree_distribution.pdf, id=168, 1060.45183pt x 284.7437
9pt>
File: spatial_configuration_degree_distribution.pdf Graphic file (type pdf)
<use spatial_configuration_degree_distribution.pdf>
Package pdftex.def Info: spatial_configuration_degree_distribution.pdf  used on
 input line 471.
(pdftex.def)             Requested size: 246.0pt x 66.05452pt.
<spatial_configuration_metrics3.pdf, id=169, 1094.47517pt x 1084.3366pt>
File: spatial_configuration_metrics3.pdf Graphic file (type pdf)
<use spatial_configuration_metrics3.pdf>
Package pdftex.def Info: spatial_configuration_metrics3.pdf  used on input line
 480.
(pdftex.def)             Requested size: 246.0pt x 243.71703pt.
<spatial_preferential_comparison.pdf, id=170, 1093.54593pt x 1164.35184pt>
File: spatial_preferential_comparison.pdf Graphic file (type pdf)
<use spatial_preferential_comparison.pdf>
Package pdftex.def Info: spatial_preferential_comparison.pdf  used on input lin
e 492.
(pdftex.def)             Requested size: 246.0pt x 261.91455pt.


LaTeX Warning: Reference `fig:spatial_configuration_metrics' on page 9 undefine
d on input line 495.


LaTeX Warning: Reference `fig:spatial_configuration_metrics' on page 9 undefine
d on input line 495.


LaTeX Warning: Reference `sec:ba-model' on page 9 undefined on input line 502.

[9 <./spatial_configuration_degree_distribution.pdf> <./spatial_configuration_m
etrics3.pdf

pdfTeX warning: pdflatex (file ./spatial_configuration_metrics3.pdf): PDF inclu
sion: multiple pdfs with page group included in a single page
>]

LaTeX Warning: A float is stuck (cannot be placed); try class option [floatfix]
 on input line 525.


LaTeX Warning: Reference `eq:spatial_strength' on page 10 undefined on input li
ne 538.


LaTeX Warning: Reference `synth' on page 10 undefined on input line 538.


Package natbib Warning: Citation `papa2018' on page 10 undefined on input line 
542.


LaTeX Warning: Reference `eq:spatial_strength' on page 10 undefined on input li
ne 544.


LaTeX Warning: Reference `fig:spatial_model_strength' on page 10 undefined on i
nput line 566.

[10 <./spatial_preferential_comparison.pdf>]
<spatial_model_spatial_strengths2.pdf, id=216, 796.61464pt x 737.11176pt>
File: spatial_model_spatial_strengths2.pdf Graphic file (type pdf)
<use spatial_model_spatial_strengths2.pdf>
Package pdftex.def Info: spatial_model_spatial_strengths2.pdf  used on input li
ne 571.
(pdftex.def)             Requested size: 246.0pt x 227.62498pt.


LaTeX Warning: Reference `eq:v_edge_length' on page 11 undefined on input line 
580.


LaTeX Warning: Reference `sec:alternate_formations' on page 11 undefined on inp
ut line 580.

<geographic_example_no_highlight2horiz.pdf, id=217, 1368.79385pt x 646.0938pt>
File: geographic_example_no_highlight2horiz.pdf Graphic file (type pdf)
<use geographic_example_no_highlight2horiz.pdf>
Package pdftex.def Info: geographic_example_no_highlight2horiz.pdf  used on inp
ut line 587.
(pdftex.def)             Requested size: 246.0pt x 116.11441pt.

LaTeX Warning: Reference `fig:network_visualizations' on page 11 undefined on i
nput line 598.

LaTeX Font Info:    Try loading font information for OMS+cmr on input line 602.

("C:\Program Files\MiKTeX 2.9\tex\latex\base\omscmr.fd"
File: omscmr.fd 2014/09/29 v2.5h Standard LaTeX font definitions
)
LaTeX Font Info:    Font shape `OMS/cmr/m/n' in size <10> not available
(Font)              Font shape `OMS/cmsy/m/n' tried instead on input line 602.


LaTeX Warning: Reference `fig:toy_network_examples' on page 11 undefined on inp
ut line 602.


Underfull \hbox (badness 1189) in paragraph at lines 602--603
 []\OT1/cmr/bx/n/10 Square lat-tice. \OT1/cmr/m/n/10 The lat-tice net-work has 
$\OML/cmm/m/it/10 x$
 []


LaTeX Warning: Reference `fig:toy_network_examples' on page 11 undefined on inp
ut line 604.


LaTeX Warning: Reference `fig:hub_spoke_example' on page 11 undefined on input 
line 606.


LaTeX Warning: Reference `fig:hub_spoke_example' on page 11 undefined on input 
line 606.


LaTeX Warning: Reference `fig:hub_spoke_example' on page 11 undefined on input 
line 608.

[11 <./spatial_model_spatial_strengths2.pdf> <./geographic_example_no_highlight
2horiz.pdf

pdfTeX warning: pdflatex (file ./geographic_example_no_highlight2horiz.pdf): PD
F inclusion: multiple pdfs with page group included in a single page
>]

LaTeX Warning: Reference `fig:breaking_example' on page 12 undefined on input l
ine 615.

<toy_network_examples.pdf, id=240, 1250.27098pt x 383.031pt>
File: toy_network_examples.pdf Graphic file (type pdf)
<use toy_network_examples.pdf>
Package pdftex.def Info: toy_network_examples.pdf  used on input line 623.
(pdftex.def)             Requested size: 246.0pt x 75.35994pt.
<hub_spoke_detailed2.pdf, id=241, 917.62827pt x 457.99104pt>
File: hub_spoke_detailed2.pdf Graphic file (type pdf)
<use hub_spoke_detailed2.pdf>
Package pdftex.def Info: hub_spoke_detailed2.pdf  used on input line 632.
(pdftex.def)             Requested size: 246.0pt x 122.7787pt.
<breaking_example_spatial_strength.pdf, id=242, 917.62827pt x 894.50182pt>
File: breaking_example_spatial_strength.pdf Graphic file (type pdf)
<use breaking_example_spatial_strength.pdf>
Package pdftex.def Info: breaking_example_spatial_strength.pdf  used on input l
ine 643.
(pdftex.def)             Requested size: 98.3985pt x 95.91138pt.

LaTeX Warning: Reference `sec:fitness_model' on page 12 undefined on input line
 655.


Package natbib Warning: Citation `fungal_data' on page 12 undefined on input li
ne 656.


Package natbib Warning: Citation `road_data' on page 12 undefined on input line
 656.


LaTeX Warning: Reference `fig:data_network_examples' on page 12 undefined on in
put line 656.

<data_network_examples.pdf, id=243, 1196.06848pt x 328.8285pt>
File: data_network_examples.pdf Graphic file (type pdf)
<use data_network_examples.pdf>
Package pdftex.def Info: data_network_examples.pdf  used on input line 661.
(pdftex.def)             Requested size: 510.0pt x 140.20937pt.

Package natbib Warning: Citation `fungal_data' on page 12 undefined on input li
ne 663.


Package natbib Warning: Citation `fungal_data' on page 12 undefined on input li
ne 663.


LaTeX Warning: Reference `fig:breaking_example' on page 12 undefined on input l
ine 668.


LaTeX Warning: Reference `fig:data_network_examples' on page 12 undefined on in
put line 671.


Package natbib Warning: Citation `feng2019' on page 12 undefined on input line 
671.


Package natbib Warning: Citation `feng2020' on page 12 undefined on input line 
671.


LaTeX Warning: Reference `fig:breaking_example' on page 12 undefined on input l
ine 671.

<spatial_scatter_1.pdf, id=244, 1004.07794pt x 974.10501pt>
File: spatial_scatter_1.pdf Graphic file (type pdf)
<use spatial_scatter_1.pdf>
Package pdftex.def Info: spatial_scatter_1.pdf  used on input line 676.
(pdftex.def)             Requested size: 246.0pt x 238.65039pt.

Package natbib Warning: Citation `fungal_data' on page 12 undefined on input li
ne 678.


Package natbib Warning: Citation `road_data' on page 12 undefined on input line
 678.


Package natbib Warning: Citation `fungal_data' on page 12 undefined on input li
ne 678.


Package natbib Warning: Citation `road_data' on page 12 undefined on input line
 678.


LaTeX Warning: Reference `fig:spatial_distributions' on page 12 undefined on in
put line 683.

[12 <./toy_network_examples.pdf> <./hub_spoke_detailed2.pdf

pdfTeX warning: pdflatex (file ./hub_spoke_detailed2.pdf): PDF inclusion: multi
ple pdfs with page group included in a single page
> <./breaking_example_spatial_strength.pdf

pdfTeX warning: pdflatex (file ./breaking_example_spatial_strength.pdf): PDF in
clusion: multiple pdfs with page group included in a single page
>]

LaTeX Warning: Reference `eq:spatial_strength' on page 13 undefined on input li
ne 691.


LaTeX Warning: Reference `sec:computed_ss' on page 13 undefined on input line 6
92.

[13 <./data_network_examples.pdf> <./spatial_scatter_1.pdf

pdfTeX warning: pdflatex (file ./spatial_scatter_1.pdf): PDF inclusion: multipl
e pdfs with page group included in a single page
>]
No file liu-main15.bbl.

Package natbib Warning: There were undefined citations.

[14] (liu-main15.aux)

LaTeX Warning: There were undefined references.


LaTeX Warning: Label(s) may have changed. Rerun to get cross-references right .


 ) 
Here is how much of TeX's memory you used:
 5114 strings out of 493305
 68908 string characters out of 3138877
 154464 words of memory out of 3000000
 8566 multiletter control sequences out of 15000+200000
 15179 words of font info for 58 fonts, out of 3000000 for 9000
 1141 hyphenation exceptions out of 8191
 41i,9n,35p,1724b,324s stack positions out of 5000i,500n,10000p,200000b,50000s
<C:/Program Files/MiKTeX 2.9/fonts/type1/public/amsfonts/cm/cmbx10.pfb><C:/Pr
ogram Files/MiKTeX 2.9/fonts/type1/public/amsfonts/cm/cmbx12.pfb><C:/Program Fi
les/MiKTeX 2.9/fonts/type1/public/amsfonts/cm/cmbx9.pfb><C:/Program Files/MiKTe
X 2.9/fonts/type1/public/amsfonts/cm/cmex10.pfb><C:/Program Files/MiKTeX 2.9/fo
nts/type1/public/amsfonts/cmextra/cmex7.pfb><C:/Program Files/MiKTeX 2.9/fonts/
type1/public/amsfonts/cm/cmmi10.pfb><C:/Program Files/MiKTeX 2.9/fonts/type1/pu
blic/amsfonts/cm/cmmi12.pfb><C:/Program Files/MiKTeX 2.9/fonts/type1/public/ams
fonts/cm/cmmi5.pfb><C:/Program Files/MiKTeX 2.9/fonts/type1/public/amsfonts/cm/
cmmi6.pfb><C:/Program Files/MiKTeX 2.9/fonts/type1/public/amsfonts/cm/cmmi7.pfb
><C:/Program Files/MiKTeX 2.9/fonts/type1/public/amsfonts/cm/cmmi9.pfb><C:/Prog
ram Files/MiKTeX 2.9/fonts/type1/public/amsfonts/cm/cmr10.pfb><C:/Program Files
/MiKTeX 2.9/fonts/type1/public/amsfonts/cm/cmr17.pfb><C:/Program Files/MiKTeX 2
.9/fonts/type1/public/amsfonts/cm/cmr5.pfb><C:/Program Files/MiKTeX 2.9/fonts/t
ype1/public/amsfonts/cm/cmr6.pfb><C:/Program Files/MiKTeX 2.9/fonts/type1/publi
c/amsfonts/cm/cmr7.pfb><C:/Program Files/MiKTeX 2.9/fonts/type1/public/amsfonts
/cm/cmr9.pfb><C:/Program Files/MiKTeX 2.9/fonts/type1/public/amsfonts/cm/cmsy10
.pfb><C:/Program Files/MiKTeX 2.9/fonts/type1/public/amsfonts/cm/cmsy5.pfb><C:/
Program Files/MiKTeX 2.9/fonts/type1/public/amsfonts/cm/cmsy7.pfb><C:/Program F
iles/MiKTeX 2.9/fonts/type1/public/amsfonts/cm/cmsy9.pfb><C:/Program Files/MiKT
eX 2.9/fonts/type1/public/amsfonts/cm/cmti10.pfb><C:/Program Files/MiKTeX 2.9/f
onts/type1/public/amsfonts/cm/cmti9.pfb><C:/Program Files/MiKTeX 2.9/fonts/type
1/public/amsfonts/symbols/msbm10.pfb>
Output written on liu-main15.pdf (14 pages, 1245981 bytes).
PDF statistics:
 362 PDF objects out of 1000 (max. 8388607)
 0 named destinations out of 1000 (max. 500000)
 96 words of extra memory for PDF output out of 10000 (max. 10000000)

